[0mCMake Deprecation Warning at CMakeLists.txt:1 (cmake_minimum_required):
  Compatibility with CMake < 2.8.12 will be removed from a future version of
  CMake.

  Update the VERSION argument <min> value or use a ...<max> suffix to tell
  CMake that the project does not need compatibility with older versions.

[0m
-- The C compiler identification is GNU 11.4.0
-- The CXX compiler identification is GNU 11.4.0
-- Detecting C compiler ABI info
-- Detecting C compiler ABI info - done
-- Check for working C compiler: /usr/bin/cc - skipped
-- Detecting C compile features
-- Detecting C compile features - done
-- Detecting CXX compiler ABI info
-- Detecting CXX compiler ABI info - done
-- Check for working CXX compiler: /usr/bin/c++ - skipped
-- Detecting CXX compile features
-- Detecting CXX compile features - done
-- Found nlohmann_json: /usr/lib/cmake/nlohmann_json/nlohmann_jsonConfig.cmake (found version "3.10.5") 
-- Configuring done
-- Generating done
-- Build files have been written to: /home/cong/CS-Y2398/UAV/pathPlanningAlgorithm/build/pathPlanningAlgorithm
[ 22%] [32mBuilding CXX object CMakeFiles/math_util.dir/math_util/polygon2d.cpp.o[0m
[ 22%] [32mBuilding CXX object CMakeFiles/math_util.dir/math_util/linear_interpolation.cpp.o[0m
[ 33%] [32mBuilding CXX object CMakeFiles/math_util.dir/math_util/box2d.cpp.o[0m
[ 44%] [32mBuilding CXX object CMakeFiles/math_util.dir/math_util/math_utils.cpp.o[0m
[ 55%] [32m[1mLinking CXX static library libmath_util.a[0m
[ 55%] Built target math_util
[ 66%] [32mBuilding CXX object CMakeFiles/algo.dir/uavPathPlanning.cpp.o[0m
[ 77%] [32m[1mLinking CXX static library libalgo.a[0m
[ 77%] Built target algo
[ 88%] [32mBuilding CXX object CMakeFiles/uavPathPlanningTest.dir/uavPathPlanningTest.cpp.o[0m
In file included from [01m[K/home/cong/CS-Y2398/UAV/pathPlanningAlgorithm/uavPathPlanningTest.cpp:5[m[K:
[01m[K/home/cong/CS-Y2398/UAV/pathPlanningAlgorithm/math_util/planner.h:7:10:[m[K [01;31m[Kfatal error: [m[Kgeometry_msgs/Pose.h: No such file or directory
    7 | #include [01;31m[K<geometry_msgs/Pose.h>[m[K
      |          [01;31m[K^~~~~~~~~~~~~~~~~~~~~~[m[K
compilation terminated.
gmake[2]: *** [CMakeFiles/uavPathPlanningTest.dir/build.make:76: CMakeFiles/uavPathPlanningTest.dir/uavPathPlanningTest.cpp.o] Error 1
gmake[1]: *** [CMakeFiles/Makefile2:140: CMakeFiles/uavPathPlanningTest.dir/all] Error 2
gmake: *** [Makefile:91: all] Error 2
