[0.014s] Invoking command in '/home/cong/CS-Y2398/UAV/pathPlanningAlgorithm/build/pathPlanningAlgorithm': /usr/bin/cmake /home/cong/CS-Y2398/UAV/pathPlanningAlgorithm -DCMAKE_INSTALL_PREFIX=/home/cong/CS-Y2398/UAV/pathPlanningAlgorithm/install/pathPlanningAlgorithm
[0.030s] [0mCMake Deprecation Warning at CMakeLists.txt:1 (cmake_minimum_required):
[0.030s]   Compatibility with CMake < 2.8.12 will be removed from a future version of
[0.030s]   CMake.
[0.030s] 
[0.030s]   Update the VERSION argument <min> value or use a ...<max> suffix to tell
[0.030s]   CMake that the project does not need compatibility with older versions.
[0.030s] 
[0.030s] [0m
[0.146s] -- The C compiler identification is GNU 11.4.0
[0.229s] -- The CXX compiler identification is GNU 11.4.0
[0.239s] -- Detecting C compiler ABI info
[0.342s] -- Detecting C compiler ABI info - done
[0.351s] -- Check for working C compiler: /usr/bin/cc - skipped
[0.352s] -- Detecting C compile features
[0.352s] -- Detecting C compile features - done
[0.356s] -- Detecting CXX compiler ABI info
[0.444s] -- Detecting CXX compiler ABI info - done
[0.450s] -- Check for working CXX compiler: /usr/bin/c++ - skipped
[0.450s] -- Detecting CXX compile features
[0.450s] -- Detecting CXX compile features - done
[0.459s] -- Found nlohmann_json: /usr/lib/cmake/nlohmann_json/nlohmann_jsonConfig.cmake (found version "3.10.5") 
[0.460s] -- Configuring done
[0.464s] -- Generating done
[0.465s] -- Build files have been written to: /home/cong/CS-Y2398/UAV/pathPlanningAlgorithm/build/pathPlanningAlgorithm
[0.468s] Invoked command in '/home/cong/CS-Y2398/UAV/pathPlanningAlgorithm/build/pathPlanningAlgorithm' returned '0': /usr/bin/cmake /home/cong/CS-Y2398/UAV/pathPlanningAlgorithm -DCMAKE_INSTALL_PREFIX=/home/cong/CS-Y2398/UAV/pathPlanningAlgorithm/install/pathPlanningAlgorithm
[0.470s] Invoking command in '/home/cong/CS-Y2398/UAV/pathPlanningAlgorithm/build/pathPlanningAlgorithm': /usr/bin/cmake --build /home/cong/CS-Y2398/UAV/pathPlanningAlgorithm/build/pathPlanningAlgorithm -- -j8 -l8
[0.522s] [ 22%] [32mBuilding CXX object CMakeFiles/math_util.dir/math_util/polygon2d.cpp.o[0m
[0.522s] [ 22%] [32mBuilding CXX object CMakeFiles/math_util.dir/math_util/linear_interpolation.cpp.o[0m
[0.522s] [ 33%] [32mBuilding CXX object CMakeFiles/math_util.dir/math_util/box2d.cpp.o[0m
[0.524s] [ 44%] [32mBuilding CXX object CMakeFiles/math_util.dir/math_util/math_utils.cpp.o[0m
[1.268s] [ 55%] [32m[1mLinking CXX static library libmath_util.a[0m
[1.310s] [ 55%] Built target math_util
[1.334s] [ 66%] [32mBuilding CXX object CMakeFiles/algo.dir/uavPathPlanning.cpp.o[0m
[3.057s] [ 77%] [32m[1mLinking CXX static library libalgo.a[0m
[3.097s] [ 77%] Built target algo
[3.117s] [ 88%] [32mBuilding CXX object CMakeFiles/uavPathPlanningTest.dir/uavPathPlanningTest.cpp.o[0m
[3.283s] In file included from [01m[K/home/cong/CS-Y2398/UAV/pathPlanningAlgorithm/uavPathPlanningTest.cpp:5[m[K:
[3.283s] [01m[K/home/cong/CS-Y2398/UAV/pathPlanningAlgorithm/math_util/planner.h:7:10:[m[K [01;31m[Kfatal error: [m[Kgeometry_msgs/Pose.h: No such file or directory
[3.283s]     7 | #include [01;31m[K<geometry_msgs/Pose.h>[m[K
[3.283s]       |          [01;31m[K^~~~~~~~~~~~~~~~~~~~~~[m[K
[3.283s] compilation terminated.
[3.286s] gmake[2]: *** [CMakeFiles/uavPathPlanningTest.dir/build.make:76: CMakeFiles/uavPathPlanningTest.dir/uavPathPlanningTest.cpp.o] Error 1
[3.286s] gmake[1]: *** [CMakeFiles/Makefile2:140: CMakeFiles/uavPathPlanningTest.dir/all] Error 2
[3.286s] gmake: *** [Makefile:91: all] Error 2
[3.289s] Invoked command in '/home/cong/CS-Y2398/UAV/pathPlanningAlgorithm/build/pathPlanningAlgorithm' returned '2': /usr/bin/cmake --build /home/cong/CS-Y2398/UAV/pathPlanningAlgorithm/build/pathPlanningAlgorithm -- -j8 -l8
