[0.013s] Invoking command in '/home/cong/CS-Y2398/UAV/pathPlanningAlgorithm/build/pathPlanningAlgorithm': /usr/bin/cmake --build /home/cong/CS-Y2398/UAV/pathPlanningAlgorithm/build/pathPlanningAlgorithm -- -j8 -l8
[0.051s] [35m[1mConsolidate compiler generated dependencies of target math_util[0m
[0.066s] [ 55%] Built target math_util
[0.077s] [35m[1mConsolidate compiler generated dependencies of target algo[0m
[0.092s] [ 77%] Built target algo
[0.113s] [ 88%] [32mBuilding CXX object CMakeFiles/uavPathPlanningTest.dir/uavPathPlanningTest.cpp.o[0m
[0.254s] In file included from [01m[K/home/cong/CS-Y2398/UAV/pathPlanningAlgorithm/uavPathPlanningTest.cpp:5[m[K:
[0.254s] [01m[K/home/cong/CS-Y2398/UAV/pathPlanningAlgorithm/math_util/planner.h:7:10:[m[K [01;31m[Kfatal error: [m[Kgeometry_msgs/Pose.h: No such file or directory
[0.254s]     7 | #include [01;31m[K<geometry_msgs/Pose.h>[m[K
[0.254s]       |          [01;31m[K^~~~~~~~~~~~~~~~~~~~~~[m[K
[0.255s] compilation terminated.
[0.259s] gmake[2]: *** [CMakeFiles/uavPathPlanningTest.dir/build.make:76: CMakeFiles/uavPathPlanningTest.dir/uavPathPlanningTest.cpp.o] Error 1
[0.259s] gmake[1]: *** [CMakeFiles/Makefile2:140: CMakeFiles/uavPathPlanningTest.dir/all] Error 2
[0.259s] gmake: *** [Makefile:91: all] Error 2
[0.261s] Invoked command in '/home/cong/CS-Y2398/UAV/pathPlanningAlgorithm/build/pathPlanningAlgorithm' returned '2': /usr/bin/cmake --build /home/cong/CS-Y2398/UAV/pathPlanningAlgorithm/build/pathPlanningAlgorithm -- -j8 -l8
